<?xml version="1.0" encoding="UTF-8"?>
<!-- Generated by org.testng.reporters.JUnitReportReporter -->
<testsuite hostname="XLH-20160517" name="appiumtest.AppDemo" tests="2" failures="0" timestamp="9 Oct 2016 08:11:58 GMT" time="10.100" errors="0">
  <testcase name="press" time="1.556" classname="appiumtest.AppDemo"/>
  <testcase name="press2" time="8.544" classname="appiumtest.AppDemo"/>
</testsuite> <!-- appiumtest.AppDemo -->
